2026-04-07 18:57:21, SELF, v:1, k:ed@mumia, self:1, rate:100, concept:1
2026-04-07 18:57:33, MOVE, v:1, k:ed@fuga, mode:DOWN
2026-04-07 18:57:35, MOVE, v:1, k:ed@fuga, mode:PICK
2026-04-07 19:14:48, EXEC, v:1, k:ed@fuga, mode:FULL, rate:0, size:32
2026-04-07 19:15:25, EXEC, v:1, k:ed@fuga, mode:FULL, rate:20, size:33
2026-04-07 19:16:52, EXEC, v:1, k:ed@fuga, mode:FULL, rate:20, size:36
2026-04-07 19:17:26, EXEC, v:1, k:ed@fuga, mode:FULL, rate:80, size:39
2026-04-07 19:21:10, EXEC, v:1, k:ed@fuga, mode:FULL, rate:80, size:39
2026-04-07 19:23:26, EXEC, v:1, k:ed@fuga, mode:FULL, rate:100, size:39
2026-04-07 19:23:41, MOVE, v:1, k:ed@fuga, mode:BACK
2026-04-07 19:24:33, SELF, v:1, k:ed@fuga, self:1, rate:100, study:20
2026-04-07 19:24:49, MOVE, v:1, k:ed@pedra, mode:DOWN
2026-04-07 19:24:50, MOVE, v:1, k:ed@pedra, mode:PICK
2026-04-07 19:45:47, EXEC, v:1, k:ed@pedra, mode:FREE, size:22
2026-04-07 19:47:43, MOVE, v:1, k:ed@pedra, mode:PICK
2026-04-07 19:47:46, EXEC, v:1, k:ed@pedra, mode:FREE, size:22
2026-04-07 19:48:17, EXEC, v:1, k:ed@pedra, mode:FULL, rate:25
2026-04-07 19:49:00, EXEC, v:1, k:ed@pedra, mode:FULL, rate:16, size:23
2026-04-07 19:55:46, EXEC, v:1, k:ed@pedra, mode:FULL, size:30, fail:COMP
2026-04-07 19:55:56, EXEC, v:1, k:ed@pedra, mode:FULL, rate:0, size:30
2026-04-07 19:56:35, EXEC, v:1, k:ed@pedra, mode:FULL, rate:25, size:31
2026-04-07 19:57:10, EXEC, v:1, k:ed@pedra, mode:FULL, rate:100, size:30
2026-04-07 19:57:27, MOVE, v:1, k:ed@pedra, mode:BACK
2026-04-07 19:58:11, SELF, v:1, k:ed@pedra, self:1, rate:100, study:20, concept:1
2026-04-07 19:58:29, MOVE, v:1, k:ed@casais, mode:DOWN
2026-04-07 19:58:30, MOVE, v:1, k:ed@casais, mode:PICK
2026-04-07 19:59:18, MOVE, v:1, k:ed@casais, mode:BACK
